<?xml version="1.0" encoding="UTF-8"?>
<!-- Generated by org.testng.reporters.JUnitReportReporter -->
<testsuite hostname="DESKTOP-6KMCFUE" failures="0" tests="2" name="runner.SequentialRunner" time="13.660" errors="0" timestamp="2025-01-11T23:58:23 IST" skipped="0">
  <testcase classname="runner.SequentialRunner" name="runScenario" time="6.619"/>
  <system-out/>
  <testcase classname="runner.SequentialRunner" name="runScenario" time="7.041"/>
  <system-out/>
</testsuite> <!-- runner.SequentialRunner -->
